<?xml version="1.0" encoding="utf-8"?><testsuites><testsuite name="pytest" errors="0" failures="0" skipped="0" tests="5" time="37.319" timestamp="2025-05-16T23:42:11.318420+00:00" hostname="d7b63e9e9b2b"><testcase classname="tests.test_int_bot_lang_parsers" name="test_resolve_fqdn" time="2.208" /><testcase classname="tests.test_int_main" name="test_healthz" time="0.046" /><testcase classname="tests.test_int_bot_lang_parsers" name="test_fqdn_to_proper_noun" time="0.009" /><testcase classname="tests.test_int_bot_lang_parsers" name="test_extract_href_features" time="0.022" /><testcase classname="tests.test_int_main" name="test_chat_page_load" time="0.058" /></testsuite></testsuites>